  [1m[35m (1.3ms)[0m  [1m[35mCREATE TABLE "recipes" ("id" INTEGER PRIMARY KEY AUTOINCREMENT NOT NULL, "name" varchar, "instructions" text, "user_id" integer, "created_at" datetime NOT NULL, "updated_at" datetime NOT NULL)[0m
  [1m[35m (1.4ms)[0m  [1m[34mselect sqlite_version(*)[0m
  [1m[35m (1.4ms)[0m  [1m[35mCREATE  INDEX "index_recipes_on_user_id" ON "recipes" ("user_id")[0m
  [1m[35m (1.4ms)[0m  [1m[35mCREATE TABLE "users" ("id" INTEGER PRIMARY KEY AUTOINCREMENT NOT NULL, "email" varchar, "password_digest" varchar, "created_at" datetime NOT NULL, "updated_at" datetime NOT NULL)[0m
  [1m[35m (1.3ms)[0m  [1m[35mCREATE TABLE "schema_migrations" ("version" varchar NOT NULL PRIMARY KEY)[0m
  [1m[35m (0.3ms)[0m  [1m[34mSELECT version FROM "schema_migrations"[0m
  [1m[35m (1.3ms)[0m  [1m[32mINSERT INTO "schema_migrations" (version) VALUES ('20160929114206')[0m
  [1m[35m (1.1ms)[0m  [1m[32mINSERT INTO schema_migrations (version) VALUES ('20160929114150');

[0m
  [1m[35m (1.5ms)[0m  [1m[35mCREATE TABLE "ar_internal_metadata" ("key" varchar NOT NULL PRIMARY KEY, "value" varchar, "created_at" datetime NOT NULL, "updated_at" datetime NOT NULL)[0m
  [1m[36mActiveRecord::InternalMetadata Load (0.3ms)[0m  [1m[34mSELECT  "ar_internal_metadata".* FROM "ar_internal_metadata" WHERE "ar_internal_metadata"."key" = ? LIMIT ?[0m  [["key", :environment], ["LIMIT", 1]]
  [1m[35m (0.1ms)[0m  [1m[36mbegin transaction[0m
  [1m[35mSQL (0.3ms)[0m  [1m[32mINSERT INTO "ar_internal_metadata" ("key", "value", "created_at", "updated_at") VALUES (?, ?, ?, ?)[0m  [["key", "environment"], ["value", "development"], ["created_at", 2017-01-24 19:27:15 UTC], ["updated_at", 2017-01-24 19:27:15 UTC]]
  [1m[35m (1.1ms)[0m  [1m[36mcommit transaction[0m
  [1m[36mActiveRecord::InternalMetadata Load (0.1ms)[0m  [1m[34mSELECT  "ar_internal_metadata".* FROM "ar_internal_metadata" WHERE "ar_internal_metadata"."key" = ? LIMIT ?[0m  [["key", :environment], ["LIMIT", 1]]
  [1m[35m (0.1ms)[0m  [1m[36mbegin transaction[0m
  [1m[35m (0.1ms)[0m  [1m[36mcommit transaction[0m
  [1m[35m (1.3ms)[0m  [1m[35mCREATE TABLE "recipes" ("id" INTEGER PRIMARY KEY AUTOINCREMENT NOT NULL, "name" varchar, "instructions" text, "user_id" integer, "created_at" datetime NOT NULL, "updated_at" datetime NOT NULL)[0m
  [1m[35m (0.1ms)[0m  [1m[34mselect sqlite_version(*)[0m
  [1m[35m (1.2ms)[0m  [1m[35mCREATE  INDEX "index_recipes_on_user_id" ON "recipes" ("user_id")[0m
  [1m[35m (1.4ms)[0m  [1m[35mCREATE TABLE "users" ("id" INTEGER PRIMARY KEY AUTOINCREMENT NOT NULL, "email" varchar, "password_digest" varchar, "created_at" datetime NOT NULL, "updated_at" datetime NOT NULL)[0m
  [1m[35m (1.4ms)[0m  [1m[35mCREATE TABLE "schema_migrations" ("version" varchar NOT NULL PRIMARY KEY)[0m
  [1m[35m (0.2ms)[0m  [1m[34mSELECT version FROM "schema_migrations"[0m
  [1m[35m (1.4ms)[0m  [1m[32mINSERT INTO "schema_migrations" (version) VALUES ('20160929114206')[0m
  [1m[35m (1.2ms)[0m  [1m[32mINSERT INTO schema_migrations (version) VALUES ('20160929114150');

[0m
  [1m[35m (1.3ms)[0m  [1m[35mCREATE TABLE "ar_internal_metadata" ("key" varchar NOT NULL PRIMARY KEY, "value" varchar, "created_at" datetime NOT NULL, "updated_at" datetime NOT NULL)[0m
  [1m[36mActiveRecord::InternalMetadata Load (0.5ms)[0m  [1m[34mSELECT  "ar_internal_metadata".* FROM "ar_internal_metadata" WHERE "ar_internal_metadata"."key" = ? LIMIT ?[0m  [["key", :environment], ["LIMIT", 1]]
  [1m[35m (0.1ms)[0m  [1m[36mbegin transaction[0m
  [1m[35mSQL (0.3ms)[0m  [1m[32mINSERT INTO "ar_internal_metadata" ("key", "value", "created_at", "updated_at") VALUES (?, ?, ?, ?)[0m  [["key", "environment"], ["value", "development"], ["created_at", 2017-01-24 19:27:15 UTC], ["updated_at", 2017-01-24 19:27:15 UTC]]
  [1m[35m (1.0ms)[0m  [1m[36mcommit transaction[0m
  [1m[36mActiveRecord::InternalMetadata Load (0.1ms)[0m  [1m[34mSELECT  "ar_internal_metadata".* FROM "ar_internal_metadata" WHERE "ar_internal_metadata"."key" = ? LIMIT ?[0m  [["key", :environment], ["LIMIT", 1]]
  [1m[35m (0.1ms)[0m  [1m[36mbegin transaction[0m
  [1m[35m (0.1ms)[0m  [1m[36mcommit transaction[0m
  [1m[36mActiveRecord::SchemaMigration Load (0.1ms)[0m  [1m[34mSELECT "schema_migrations".* FROM "schema_migrations"[0m
  [1m[35m (0.1ms)[0m  [1m[36mbegin transaction[0m
  [1m[36mUser Exists (0.2ms)[0m  [1m[34mSELECT  1 AS one FROM "users" WHERE "users"."email" = ? LIMIT ?[0m  [["email", "test1@example.com"], ["LIMIT", 1]]
  [1m[35mSQL (0.4ms)[0m  [1m[32mINSERT INTO "users" ("email", "password_digest", "created_at", "updated_at") VALUES (?, ?, ?, ?)[0m  [["email", "test1@example.com"], ["password_digest", "$2a$10$YgL6eMjMCvAWvq9HX8k/nOm.RRxVgnEq7ZaKcbVL4aVJ/jKHuyPZ."], ["created_at", 2017-01-24 19:27:15 UTC], ["updated_at", 2017-01-24 19:27:15 UTC]]
  [1m[35m (1.0ms)[0m  [1m[36mcommit transaction[0m
  [1m[35m (0.1ms)[0m  [1m[36mbegin transaction[0m
  [1m[36mUser Exists (0.2ms)[0m  [1m[34mSELECT  1 AS one FROM "users" WHERE "users"."email" = ? LIMIT ?[0m  [["email", "test2@example.com"], ["LIMIT", 1]]
  [1m[35mSQL (0.2ms)[0m  [1m[32mINSERT INTO "users" ("email", "password_digest", "created_at", "updated_at") VALUES (?, ?, ?, ?)[0m  [["email", "test2@example.com"], ["password_digest", "$2a$10$su2/Wy3F2NlIitGGayGELePMFmpqG16Af/jW4cc7zZg3UzqKsS5Bm"], ["created_at", 2017-01-24 19:27:15 UTC], ["updated_at", 2017-01-24 19:27:15 UTC]]
  [1m[35m (0.9ms)[0m  [1m[36mcommit transaction[0m
  [1m[35m (0.1ms)[0m  [1m[36mbegin transaction[0m
  [1m[35mSQL (0.3ms)[0m  [1m[32mINSERT INTO "recipes" ("name", "instructions", "created_at", "updated_at") VALUES (?, ?, ?, ?)[0m  [["name", "Chicken Curry"], ["instructions", "  Crush together ginger, garlic, cardamom, cloves, black pepper and cinnamon in a mortar and pestle to form a coarse paste.\n  Heat the oil in a wide bottomed pan and add the onions to it. Add the spice mixture too and let it sauté on medium – high heat for a few mintues till the onions start to soften and brown a little.\n  Now add the tomatoes and sauté till the tomatoes are soft and mushy. Throw in the turmeric, coriander and cumin and the salt. Add the green chilies now if you are using them. Mix well.\n  Add the chicken pieces and the water and let it cook over high heat for 10 mins or so till the chicken is done. Add more water if needed.\n  Garnish with minced cilantro and serve over basmati rice or with chapatis or naan.\")\n"], ["created_at", 2017-01-24 19:27:15 UTC], ["updated_at", 2017-01-24 19:27:15 UTC]]
  [1m[35m (0.8ms)[0m  [1m[36mcommit transaction[0m
  [1m[35m (0.1ms)[0m  [1m[36mbegin transaction[0m
  [1m[35mSQL (0.5ms)[0m  [1m[33mUPDATE "recipes" SET "user_id" = ?, "updated_at" = ? WHERE "recipes"."id" = ?[0m  [["user_id", 2], ["updated_at", 2017-01-24 19:27:15 UTC], ["id", 1]]
  [1m[35m (0.8ms)[0m  [1m[36mcommit transaction[0m
  [1m[35m (0.1ms)[0m  [1m[36mbegin transaction[0m
  [1m[35mSQL (0.3ms)[0m  [1m[32mINSERT INTO "recipes" ("name", "instructions", "created_at", "updated_at") VALUES (?, ?, ?, ?)[0m  [["name", "Elderberry Drink"], ["instructions", "    Pour dried elderberries with water and bring to boil. Add honey and boil thoroughly. Then filter and cool the drink.\n    You can serve hot elderberry drink or cooled one.\n"], ["created_at", 2017-01-24 19:27:15 UTC], ["updated_at", 2017-01-24 19:27:15 UTC]]
  [1m[35m (1.3ms)[0m  [1m[36mcommit transaction[0m
  [1m[35m (0.1ms)[0m  [1m[36mbegin transaction[0m
  [1m[35mSQL (0.3ms)[0m  [1m[33mUPDATE "recipes" SET "user_id" = ?, "updated_at" = ? WHERE "recipes"."id" = ?[0m  [["user_id", 2], ["updated_at", 2017-01-24 19:27:15 UTC], ["id", 2]]
  [1m[35m (0.9ms)[0m  [1m[36mcommit transaction[0m
  [1m[35m (0.0ms)[0m  [1m[36mbegin transaction[0m
  [1m[36mUser Exists (0.2ms)[0m  [1m[34mSELECT  1 AS one FROM "users" WHERE "users"."email" = ? AND ("users"."id" != ?) LIMIT ?[0m  [["email", "test2@example.com"], ["id", 2], ["LIMIT", 1]]
  [1m[35m (0.1ms)[0m  [1m[36mcommit transaction[0m
Started GET "/" for ::1 at 2017-01-24 11:27:31 -0800
  [1m[36mActiveRecord::SchemaMigration Load (0.1ms)[0m  [1m[34mSELECT "schema_migrations".* FROM "schema_migrations"[0m
DEPRECATION WARNING: before_filter is deprecated and will be removed in Rails 5.1. Use before_action instead. (called from <class:RecipesController> at /Users/Elliot/wdi/rails_views_helpers_training/app/controllers/recipes_controller.rb:2)
DEPRECATION WARNING: before_filter is deprecated and will be removed in Rails 5.1. Use before_action instead. (called from <class:RecipesController> at /Users/Elliot/wdi/rails_views_helpers_training/app/controllers/recipes_controller.rb:3)
Processing by RecipesController#index as HTML
  Rendering recipes/index.html.erb within layouts/application
  [1m[36mRecipe Load (0.2ms)[0m  [1m[34mSELECT "recipes".* FROM "recipes"[0m
  Rendered recipes/index.html.erb within layouts/application (9.7ms)
Completed 200 OK in 1055ms (Views: 1032.8ms | ActiveRecord: 0.8ms)


Started GET "/" for ::1 at 2017-01-24 11:27:34 -0800
Processing by RecipesController#index as HTML
  Rendering recipes/index.html.erb within layouts/application
  [1m[36mRecipe Load (0.6ms)[0m  [1m[34mSELECT "recipes".* FROM "recipes"[0m
  Rendered recipes/index.html.erb within layouts/application (4.2ms)
Completed 200 OK in 58ms (Views: 54.3ms | ActiveRecord: 0.6ms)


Started GET "/recipes" for ::1 at 2017-01-24 11:30:20 -0800
Processing by RecipesController#index as HTML
  Rendering recipes/index.html.erb within layouts/application
  [1m[36mRecipe Load (0.6ms)[0m  [1m[34mSELECT "recipes".* FROM "recipes"[0m
  Rendered recipes/index.html.erb within layouts/application (2.8ms)
Completed 200 OK in 69ms (Views: 65.9ms | ActiveRecord: 0.6ms)


Started GET "/users" for ::1 at 2017-01-24 11:30:22 -0800
DEPRECATION WARNING: before_filter is deprecated and will be removed in Rails 5.1. Use before_action instead. (called from <class:UsersController> at /Users/Elliot/wdi/rails_views_helpers_training/app/controllers/users_controller.rb:2)
DEPRECATION WARNING: before_filter is deprecated and will be removed in Rails 5.1. Use before_action instead. (called from <class:UsersController> at /Users/Elliot/wdi/rails_views_helpers_training/app/controllers/users_controller.rb:3)
Processing by UsersController#index as HTML
  Rendering users/index.html.erb within layouts/application
  [1m[36mUser Load (0.3ms)[0m  [1m[34mSELECT "users".* FROM "users"[0m
  Rendered users/index.html.erb within layouts/application (16.1ms)
Completed 200 OK in 77ms (Views: 59.6ms | ActiveRecord: 1.1ms)


Started GET "/" for ::1 at 2017-01-24 11:30:24 -0800
Processing by RecipesController#index as HTML
  Rendering recipes/index.html.erb within layouts/application
  [1m[36mRecipe Load (0.5ms)[0m  [1m[34mSELECT "recipes".* FROM "recipes"[0m
  Rendered recipes/index.html.erb within layouts/application (3.0ms)
Completed 200 OK in 66ms (Views: 63.7ms | ActiveRecord: 0.5ms)


Started GET "/recipes/2" for ::1 at 2017-01-24 11:30:26 -0800
Processing by RecipesController#show as HTML
  Parameters: {"id"=>"2"}
  [1m[36mRecipe Load (0.3ms)[0m  [1m[34mSELECT  "recipes".* FROM "recipes" WHERE "recipes"."id" = ? LIMIT ?[0m  [["id", 2], ["LIMIT", 1]]
  Rendering recipes/show.html.erb within layouts/application
  [1m[36mUser Load (0.5ms)[0m  [1m[34mSELECT  "users".* FROM "users" WHERE "users"."id" = ? LIMIT ?[0m  [["id", 2], ["LIMIT", 1]]
  Rendered recipes/show.html.erb within layouts/application (33.4ms)
Completed 200 OK in 123ms (Views: 96.7ms | ActiveRecord: 0.8ms)


Started GET "/recipes/new" for ::1 at 2017-01-24 11:30:38 -0800
Processing by RecipesController#new as HTML
Redirected to http://localhost:3000/login
Filter chain halted as :authorize rendered or redirected
Completed 302 Found in 1ms (ActiveRecord: 0.0ms)


Started GET "/login" for ::1 at 2017-01-24 11:30:38 -0800
Processing by SessionsController#new as HTML
  Rendering sessions/new.html.erb within layouts/application
  Rendered sessions/new.html.erb within layouts/application (0.8ms)
Completed 200 OK in 58ms (Views: 55.1ms | ActiveRecord: 0.0ms)


Started POST "/sessions" for ::1 at 2017-01-24 11:30:41 -0800
Processing by SessionsController#create as HTML
  Parameters: {"authenticity_token"=>"QPis/f48ynj5JRgaWgWDxWalxF2NlQlOzVhXl6wI9+bv4GxAxU8hFkpZocA2n0qhzTW/qOelj+HMnFHa6AbPWg==", "user"=>{"email"=>"TESt", "password"=>"[FILTERED]"}}
  [1m[36mUser Load (0.2ms)[0m  [1m[34mSELECT  "users".* FROM "users" WHERE "users"."email" = ? LIMIT ?[0m  [["email", "TESt"], ["LIMIT", 1]]
Redirected to http://localhost:3000/login
Completed 302 Found in 3ms (ActiveRecord: 0.2ms)


Started GET "/login" for ::1 at 2017-01-24 11:30:41 -0800
Processing by SessionsController#new as HTML
  Rendering sessions/new.html.erb within layouts/application
  Rendered sessions/new.html.erb within layouts/application (0.5ms)
Completed 200 OK in 27ms (Views: 25.4ms | ActiveRecord: 0.0ms)


Started GET "/" for ::1 at 2017-01-24 11:30:43 -0800
Processing by RecipesController#index as HTML
  Rendering recipes/index.html.erb within layouts/application
  [1m[36mRecipe Load (0.2ms)[0m  [1m[34mSELECT "recipes".* FROM "recipes"[0m
  Rendered recipes/index.html.erb within layouts/application (1.4ms)
Completed 200 OK in 72ms (Views: 69.7ms | ActiveRecord: 0.2ms)


Started GET "/" for ::1 at 2017-01-24 11:34:34 -0800
  [1m[36mActiveRecord::SchemaMigration Load (0.2ms)[0m  [1m[34mSELECT "schema_migrations".* FROM "schema_migrations"[0m
DEPRECATION WARNING: before_filter is deprecated and will be removed in Rails 5.1. Use before_action instead. (called from <class:RecipesController> at /Users/Elliot/wdi/rails_views_helpers_training/app/controllers/recipes_controller.rb:2)
DEPRECATION WARNING: before_filter is deprecated and will be removed in Rails 5.1. Use before_action instead. (called from <class:RecipesController> at /Users/Elliot/wdi/rails_views_helpers_training/app/controllers/recipes_controller.rb:3)
Processing by RecipesController#index as HTML
  Rendering recipes/index.html.erb within layouts/application
  [1m[36mRecipe Load (0.2ms)[0m  [1m[34mSELECT "recipes".* FROM "recipes"[0m
  Rendered recipes/index.html.erb within layouts/application (8.7ms)
Completed 200 OK in 306ms (Views: 288.1ms | ActiveRecord: 1.0ms)


Started GET "/recipes" for ::1 at 2017-01-24 11:34:36 -0800
Processing by RecipesController#index as HTML
  Rendering recipes/index.html.erb within layouts/application
  [1m[36mRecipe Load (0.3ms)[0m  [1m[34mSELECT "recipes".* FROM "recipes"[0m
  Rendered recipes/index.html.erb within layouts/application (2.0ms)
Completed 200 OK in 89ms (Views: 86.3ms | ActiveRecord: 0.3ms)


Started GET "/" for ::1 at 2017-01-24 11:34:39 -0800
Processing by RecipesController#index as HTML
  Rendering recipes/index.html.erb within layouts/application
  [1m[36mRecipe Load (0.2ms)[0m  [1m[34mSELECT "recipes".* FROM "recipes"[0m
  Rendered recipes/index.html.erb within layouts/application (1.8ms)
Completed 200 OK in 68ms (Views: 65.4ms | ActiveRecord: 0.2ms)


Started GET "/recipes" for ::1 at 2017-01-24 11:34:40 -0800
Processing by RecipesController#index as HTML
  Rendering recipes/index.html.erb within layouts/application
  [1m[36mRecipe Load (0.2ms)[0m  [1m[34mSELECT "recipes".* FROM "recipes"[0m
  Rendered recipes/index.html.erb within layouts/application (2.2ms)
Completed 200 OK in 88ms (Views: 84.9ms | ActiveRecord: 0.2ms)


Started GET "/" for ::1 at 2017-01-24 11:34:41 -0800
Processing by RecipesController#index as HTML
  Rendering recipes/index.html.erb within layouts/application
  [1m[36mRecipe Load (0.2ms)[0m  [1m[34mSELECT "recipes".* FROM "recipes"[0m
  Rendered recipes/index.html.erb within layouts/application (2.2ms)
Completed 200 OK in 79ms (Views: 75.9ms | ActiveRecord: 0.2ms)


Started GET "/recipes" for ::1 at 2017-01-24 11:34:41 -0800
Processing by RecipesController#index as HTML
  Rendering recipes/index.html.erb within layouts/application
  [1m[36mRecipe Load (0.2ms)[0m  [1m[34mSELECT "recipes".* FROM "recipes"[0m
  Rendered recipes/index.html.erb within layouts/application (1.8ms)
Completed 200 OK in 96ms (Views: 92.6ms | ActiveRecord: 0.2ms)


Started GET "/" for ::1 at 2017-01-24 11:34:41 -0800
Processing by RecipesController#index as HTML
  Rendering recipes/index.html.erb within layouts/application
  [1m[36mRecipe Load (0.3ms)[0m  [1m[34mSELECT "recipes".* FROM "recipes"[0m
  Rendered recipes/index.html.erb within layouts/application (2.7ms)
Completed 200 OK in 74ms (Views: 70.3ms | ActiveRecord: 0.3ms)


Started GET "/" for ::1 at 2017-01-24 11:34:42 -0800
Processing by RecipesController#index as HTML
  Rendering recipes/index.html.erb within layouts/application
  [1m[36mRecipe Load (0.2ms)[0m  [1m[34mSELECT "recipes".* FROM "recipes"[0m
  Rendered recipes/index.html.erb within layouts/application (1.5ms)
Completed 200 OK in 65ms (Views: 62.3ms | ActiveRecord: 0.2ms)


Started GET "/recipes" for ::1 at 2017-01-24 11:34:43 -0800
Processing by RecipesController#index as HTML
  Rendering recipes/index.html.erb within layouts/application
  [1m[36mRecipe Load (0.2ms)[0m  [1m[34mSELECT "recipes".* FROM "recipes"[0m
  Rendered recipes/index.html.erb within layouts/application (1.7ms)
Completed 200 OK in 68ms (Views: 64.7ms | ActiveRecord: 0.2ms)


Started GET "/" for ::1 at 2017-01-24 11:34:48 -0800
Processing by RecipesController#index as HTML
  Rendering recipes/index.html.erb within layouts/application
  [1m[36mRecipe Load (0.2ms)[0m  [1m[34mSELECT "recipes".* FROM "recipes"[0m
  Rendered recipes/index.html.erb within layouts/application (1.7ms)
Completed 200 OK in 65ms (Views: 62.2ms | ActiveRecord: 0.2ms)


Started GET "/users" for ::1 at 2017-01-24 11:34:49 -0800
DEPRECATION WARNING: before_filter is deprecated and will be removed in Rails 5.1. Use before_action instead. (called from <class:UsersController> at /Users/Elliot/wdi/rails_views_helpers_training/app/controllers/users_controller.rb:2)
DEPRECATION WARNING: before_filter is deprecated and will be removed in Rails 5.1. Use before_action instead. (called from <class:UsersController> at /Users/Elliot/wdi/rails_views_helpers_training/app/controllers/users_controller.rb:3)
Processing by UsersController#index as HTML
  Rendering users/index.html.erb within layouts/application
  [1m[36mUser Load (0.3ms)[0m  [1m[34mSELECT "users".* FROM "users"[0m
  Rendered users/index.html.erb within layouts/application (14.1ms)
Completed 200 OK in 70ms (Views: 58.2ms | ActiveRecord: 1.0ms)


Started GET "/recipes" for ::1 at 2017-01-24 11:34:50 -0800
Processing by RecipesController#index as HTML
  Rendering recipes/index.html.erb within layouts/application
  [1m[36mRecipe Load (0.3ms)[0m  [1m[34mSELECT "recipes".* FROM "recipes"[0m
  Rendered recipes/index.html.erb within layouts/application (1.9ms)
Completed 200 OK in 59ms (Views: 55.9ms | ActiveRecord: 0.3ms)


Started GET "/" for ::1 at 2017-01-24 11:34:51 -0800
Processing by RecipesController#index as HTML
  Rendering recipes/index.html.erb within layouts/application
  [1m[36mRecipe Load (0.2ms)[0m  [1m[34mSELECT "recipes".* FROM "recipes"[0m
  Rendered recipes/index.html.erb within layouts/application (1.4ms)
Completed 200 OK in 57ms (Views: 53.7ms | ActiveRecord: 0.2ms)


Started GET "/" for ::1 at 2017-01-24 11:37:11 -0800
Processing by RecipesController#index as HTML
  Rendering recipes/index.html.erb within layouts/application
  [1m[36mRecipe Load (0.2ms)[0m  [1m[34mSELECT "recipes".* FROM "recipes"[0m
  Rendered recipes/index.html.erb within layouts/application (1.8ms)
Completed 200 OK in 32ms (Views: 29.1ms | ActiveRecord: 0.2ms)


Started GET "/" for ::1 at 2017-01-24 11:37:24 -0800
Processing by RecipesController#index as HTML
  Rendering recipes/index.html.erb within layouts/application
  [1m[36mRecipe Load (0.2ms)[0m  [1m[34mSELECT "recipes".* FROM "recipes"[0m
  Rendered recipes/index.html.erb within layouts/application (1.9ms)
Completed 200 OK in 30ms (Views: 28.1ms | ActiveRecord: 0.2ms)


Started GET "/" for ::1 at 2017-01-24 11:40:07 -0800
Processing by RecipesController#index as HTML
  Rendering recipes/index.html.erb within layouts/application
  [1m[36mRecipe Load (0.2ms)[0m  [1m[34mSELECT "recipes".* FROM "recipes"[0m
  Rendered recipes/index.html.erb within layouts/application (1.4ms)
Completed 200 OK in 29ms (Views: 27.2ms | ActiveRecord: 0.2ms)


Started GET "/" for ::1 at 2017-01-24 11:40:08 -0800
Processing by RecipesController#index as HTML
  Rendering recipes/index.html.erb within layouts/application
  [1m[36mRecipe Load (0.1ms)[0m  [1m[34mSELECT "recipes".* FROM "recipes"[0m
  Rendered recipes/index.html.erb within layouts/application (1.1ms)
Completed 200 OK in 46ms (Views: 43.3ms | ActiveRecord: 0.1ms)


Started GET "/" for ::1 at 2017-01-24 11:41:50 -0800
Processing by RecipesController#index as HTML
  Rendering recipes/index.html.erb within layouts/application
  [1m[36mRecipe Load (0.2ms)[0m  [1m[34mSELECT "recipes".* FROM "recipes"[0m
  Rendered recipes/index.html.erb within layouts/application (1.7ms)
Completed 500 Internal Server Error in 48ms (ActiveRecord: 0.2ms)


  
ActionView::Template::Error (undefined method `to_model' for #<Recipe::ActiveRecord_Relation:0x007fbafd688f20>
Did you mean?  to_xml):
    28:       <!-- Collect the nav links, forms, and other content for toggling -->
    29:       <div class="collapse navbar-collapse" id="bs-example-navbar-collapse-1">
    30:         <ul class="nav navbar-nav">
    31:           <li><%=link_to "Recepies", @recipes=%></li>
    32:           <li><a href="/recipes">All Recipes</a></li>
    33:           <li><a href="/users">All Users</a></li>
    34:         </ul>
  
app/views/layouts/application.html.erb:31:in `_app_views_layouts_application_html_erb___843960283712818480_70220525230440'
  Rendering /Users/Elliot/.rvm/gems/ruby-2.3.0/gems/actionpack-5.0.0.1/lib/action_dispatch/middleware/templates/rescues/template_error.html.erb within rescues/layout
  Rendering /Users/Elliot/.rvm/gems/ruby-2.3.0/gems/actionpack-5.0.0.1/lib/action_dispatch/middleware/templates/rescues/_source.html.erb
  Rendered /Users/Elliot/.rvm/gems/ruby-2.3.0/gems/actionpack-5.0.0.1/lib/action_dispatch/middleware/templates/rescues/_source.html.erb (5.3ms)
  Rendering /Users/Elliot/.rvm/gems/ruby-2.3.0/gems/actionpack-5.0.0.1/lib/action_dispatch/middleware/templates/rescues/_trace.html.erb
  Rendered /Users/Elliot/.rvm/gems/ruby-2.3.0/gems/actionpack-5.0.0.1/lib/action_dispatch/middleware/templates/rescues/_trace.html.erb (3.3ms)
  Rendering /Users/Elliot/.rvm/gems/ruby-2.3.0/gems/actionpack-5.0.0.1/lib/action_dispatch/middleware/templates/rescues/_request_and_response.html.erb
  Rendered /Users/Elliot/.rvm/gems/ruby-2.3.0/gems/actionpack-5.0.0.1/lib/action_dispatch/middleware/templates/rescues/_request_and_response.html.erb (1.1ms)
  Rendered /Users/Elliot/.rvm/gems/ruby-2.3.0/gems/actionpack-5.0.0.1/lib/action_dispatch/middleware/templates/rescues/template_error.html.erb within rescues/layout (82.2ms)
Started GET "/" for ::1 at 2017-01-24 11:41:51 -0800
Processing by RecipesController#index as HTML
  Rendering recipes/index.html.erb within layouts/application
  [1m[36mRecipe Load (0.2ms)[0m  [1m[34mSELECT "recipes".* FROM "recipes"[0m
  Rendered recipes/index.html.erb within layouts/application (1.4ms)
Completed 500 Internal Server Error in 25ms (ActiveRecord: 0.2ms)


  
ActionView::Template::Error (undefined method `to_model' for #<Recipe::ActiveRecord_Relation:0x007fbaf9ccec58>
Did you mean?  to_xml):
    28:       <!-- Collect the nav links, forms, and other content for toggling -->
    29:       <div class="collapse navbar-collapse" id="bs-example-navbar-collapse-1">
    30:         <ul class="nav navbar-nav">
    31:           <li><%=link_to "Recepies", @recipes=%></li>
    32:           <li><a href="/recipes">All Recipes</a></li>
    33:           <li><a href="/users">All Users</a></li>
    34:         </ul>
  
app/views/layouts/application.html.erb:31:in `_app_views_layouts_application_html_erb___843960283712818480_70220515749740'
  Rendering /Users/Elliot/.rvm/gems/ruby-2.3.0/gems/actionpack-5.0.0.1/lib/action_dispatch/middleware/templates/rescues/template_error.html.erb within rescues/layout
  Rendering /Users/Elliot/.rvm/gems/ruby-2.3.0/gems/actionpack-5.0.0.1/lib/action_dispatch/middleware/templates/rescues/_source.html.erb
  Rendered /Users/Elliot/.rvm/gems/ruby-2.3.0/gems/actionpack-5.0.0.1/lib/action_dispatch/middleware/templates/rescues/_source.html.erb (4.4ms)
  Rendering /Users/Elliot/.rvm/gems/ruby-2.3.0/gems/actionpack-5.0.0.1/lib/action_dispatch/middleware/templates/rescues/_trace.html.erb
  Rendered /Users/Elliot/.rvm/gems/ruby-2.3.0/gems/actionpack-5.0.0.1/lib/action_dispatch/middleware/templates/rescues/_trace.html.erb (3.3ms)
  Rendering /Users/Elliot/.rvm/gems/ruby-2.3.0/gems/actionpack-5.0.0.1/lib/action_dispatch/middleware/templates/rescues/_request_and_response.html.erb
  Rendered /Users/Elliot/.rvm/gems/ruby-2.3.0/gems/actionpack-5.0.0.1/lib/action_dispatch/middleware/templates/rescues/_request_and_response.html.erb (0.8ms)
  Rendered /Users/Elliot/.rvm/gems/ruby-2.3.0/gems/actionpack-5.0.0.1/lib/action_dispatch/middleware/templates/rescues/template_error.html.erb within rescues/layout (72.8ms)
Started GET "/" for ::1 at 2017-01-24 11:42:02 -0800
Processing by RecipesController#index as HTML
  Rendering recipes/index.html.erb within layouts/application
  [1m[36mRecipe Load (0.2ms)[0m  [1m[34mSELECT "recipes".* FROM "recipes"[0m
  Rendered recipes/index.html.erb within layouts/application (1.2ms)
Completed 200 OK in 28ms (Views: 25.9ms | ActiveRecord: 0.2ms)


Started GET "/" for ::1 at 2017-01-24 11:42:04 -0800
Processing by RecipesController#index as HTML
  Rendering recipes/index.html.erb within layouts/application
  [1m[36mRecipe Load (0.2ms)[0m  [1m[34mSELECT "recipes".* FROM "recipes"[0m
  Rendered recipes/index.html.erb within layouts/application (1.6ms)
Completed 200 OK in 42ms (Views: 38.8ms | ActiveRecord: 0.2ms)


Started GET "/" for ::1 at 2017-01-24 11:42:09 -0800
Processing by RecipesController#index as HTML
  Rendering recipes/index.html.erb within layouts/application
  [1m[36mRecipe Load (0.2ms)[0m  [1m[34mSELECT "recipes".* FROM "recipes"[0m
  Rendered recipes/index.html.erb within layouts/application (1.4ms)
Completed 200 OK in 32ms (Views: 29.4ms | ActiveRecord: 0.2ms)


Started GET "/" for ::1 at 2017-01-24 11:42:11 -0800
Processing by RecipesController#index as HTML
  Rendering recipes/index.html.erb within layouts/application
  [1m[36mRecipe Load (0.2ms)[0m  [1m[34mSELECT "recipes".* FROM "recipes"[0m
  Rendered recipes/index.html.erb within layouts/application (1.6ms)
Completed 200 OK in 51ms (Views: 48.5ms | ActiveRecord: 0.2ms)


Started GET "/" for ::1 at 2017-01-24 11:42:12 -0800
Processing by RecipesController#index as HTML
  Rendering recipes/index.html.erb within layouts/application
  [1m[36mRecipe Load (0.2ms)[0m  [1m[34mSELECT "recipes".* FROM "recipes"[0m
  Rendered recipes/index.html.erb within layouts/application (2.3ms)
Completed 200 OK in 71ms (Views: 69.0ms | ActiveRecord: 0.2ms)


Started GET "/" for ::1 at 2017-01-24 11:42:12 -0800
Processing by RecipesController#index as HTML
  Rendering recipes/index.html.erb within layouts/application
  [1m[36mRecipe Load (0.2ms)[0m  [1m[34mSELECT "recipes".* FROM "recipes"[0m
  Rendered recipes/index.html.erb within layouts/application (1.6ms)
Completed 200 OK in 54ms (Views: 51.5ms | ActiveRecord: 0.2ms)


Started GET "/" for ::1 at 2017-01-24 11:42:12 -0800
Processing by RecipesController#index as HTML
  Rendering recipes/index.html.erb within layouts/application
  [1m[36mRecipe Load (0.2ms)[0m  [1m[34mSELECT "recipes".* FROM "recipes"[0m
  Rendered recipes/index.html.erb within layouts/application (2.1ms)
Completed 200 OK in 75ms (Views: 72.3ms | ActiveRecord: 0.2ms)


Started GET "/recipes" for ::1 at 2017-01-24 11:42:13 -0800
Processing by RecipesController#index as HTML
  Rendering recipes/index.html.erb within layouts/application
  [1m[36mRecipe Load (0.2ms)[0m  [1m[34mSELECT "recipes".* FROM "recipes"[0m
  Rendered recipes/index.html.erb within layouts/application (1.4ms)
Completed 200 OK in 60ms (Views: 57.2ms | ActiveRecord: 0.2ms)


Started GET "/" for ::1 at 2017-01-24 11:42:41 -0800
Processing by RecipesController#index as HTML
  Rendering recipes/index.html.erb within layouts/application
  [1m[36mRecipe Load (0.2ms)[0m  [1m[34mSELECT "recipes".* FROM "recipes"[0m
  Rendered recipes/index.html.erb within layouts/application (1.8ms)
Completed 200 OK in 74ms (Views: 71.3ms | ActiveRecord: 0.2ms)


Started GET "/" for ::1 at 2017-01-24 11:42:42 -0800
Processing by RecipesController#index as HTML
  Rendering recipes/index.html.erb within layouts/application
  [1m[36mRecipe Load (0.2ms)[0m  [1m[34mSELECT "recipes".* FROM "recipes"[0m
  Rendered recipes/index.html.erb within layouts/application (1.9ms)
Completed 200 OK in 54ms (Views: 51.1ms | ActiveRecord: 0.2ms)


Started GET "/" for ::1 at 2017-01-24 11:42:42 -0800
Processing by RecipesController#index as HTML
  Rendering recipes/index.html.erb within layouts/application
  [1m[36mRecipe Load (0.2ms)[0m  [1m[34mSELECT "recipes".* FROM "recipes"[0m
  Rendered recipes/index.html.erb within layouts/application (1.4ms)
Completed 200 OK in 66ms (Views: 63.5ms | ActiveRecord: 0.2ms)


Started GET "/" for ::1 at 2017-01-24 11:42:43 -0800
Processing by RecipesController#index as HTML
  Rendering recipes/index.html.erb within layouts/application
  [1m[36mRecipe Load (0.2ms)[0m  [1m[34mSELECT "recipes".* FROM "recipes"[0m
  Rendered recipes/index.html.erb within layouts/application (1.4ms)
Completed 200 OK in 51ms (Views: 47.6ms | ActiveRecord: 0.2ms)


Started GET "/" for ::1 at 2017-01-24 11:43:36 -0800
Processing by RecipesController#index as HTML
  Rendering recipes/index.html.erb within layouts/application
  [1m[36mRecipe Load (0.2ms)[0m  [1m[34mSELECT "recipes".* FROM "recipes"[0m
  Rendered recipes/index.html.erb within layouts/application (1.9ms)
Completed 200 OK in 40ms (Views: 36.9ms | ActiveRecord: 0.2ms)


Started GET "/" for ::1 at 2017-01-24 11:43:37 -0800
Processing by RecipesController#index as HTML
  Rendering recipes/index.html.erb within layouts/application
  [1m[36mRecipe Load (0.2ms)[0m  [1m[34mSELECT "recipes".* FROM "recipes"[0m
  Rendered recipes/index.html.erb within layouts/application (1.5ms)
Completed 200 OK in 32ms (Views: 29.4ms | ActiveRecord: 0.2ms)


Started GET "/recipies" for ::1 at 2017-01-24 11:43:44 -0800
  
ActionController::RoutingError (No route matches [GET] "/recipies"):
  
actionpack (5.0.0.1) lib/action_dispatch/middleware/debug_exceptions.rb:53:in `call'
web-console (3.3.1) lib/web_console/middleware.rb:131:in `call_app'
web-console (3.3.1) lib/web_console/middleware.rb:28:in `block in call'
web-console (3.3.1) lib/web_console/middleware.rb:18:in `catch'
web-console (3.3.1) lib/web_console/middleware.rb:18:in `call'
actionpack (5.0.0.1) lib/action_dispatch/middleware/show_exceptions.rb:31:in `call'
railties (5.0.0.1) lib/rails/rack/logger.rb:36:in `call_app'
railties (5.0.0.1) lib/rails/rack/logger.rb:24:in `block in call'
activesupport (5.0.0.1) lib/active_support/tagged_logging.rb:70:in `block in tagged'
activesupport (5.0.0.1) lib/active_support/tagged_logging.rb:26:in `tagged'
activesupport (5.0.0.1) lib/active_support/tagged_logging.rb:70:in `tagged'
railties (5.0.0.1) lib/rails/rack/logger.rb:24:in `call'
sprockets-rails (3.2.0) lib/sprockets/rails/quiet_assets.rb:13:in `call'
actionpack (5.0.0.1) lib/action_dispatch/middleware/request_id.rb:24:in `call'
rack (2.0.1) lib/rack/method_override.rb:22:in `call'
rack (2.0.1) lib/rack/runtime.rb:22:in `call'
activesupport (5.0.0.1) lib/active_support/cache/strategy/local_cache_middleware.rb:28:in `call'
actionpack (5.0.0.1) lib/action_dispatch/middleware/executor.rb:12:in `call'
actionpack (5.0.0.1) lib/action_dispatch/middleware/static.rb:136:in `call'
rack (2.0.1) lib/rack/sendfile.rb:111:in `call'
railties (5.0.0.1) lib/rails/engine.rb:522:in `call'
puma (3.6.0) lib/puma/configuration.rb:225:in `call'
puma (3.6.0) lib/puma/server.rb:578:in `handle_request'
puma (3.6.0) lib/puma/server.rb:415:in `process_client'
puma (3.6.0) lib/puma/server.rb:275:in `block in run'
puma (3.6.0) lib/puma/thread_pool.rb:116:in `block in spawn_thread'
  Rendering /Users/Elliot/.rvm/gems/ruby-2.3.0/gems/actionpack-5.0.0.1/lib/action_dispatch/middleware/templates/rescues/routing_error.html.erb within rescues/layout
  Rendering /Users/Elliot/.rvm/gems/ruby-2.3.0/gems/actionpack-5.0.0.1/lib/action_dispatch/middleware/templates/rescues/_trace.html.erb
  Rendered /Users/Elliot/.rvm/gems/ruby-2.3.0/gems/actionpack-5.0.0.1/lib/action_dispatch/middleware/templates/rescues/_trace.html.erb (1.1ms)
  Rendered collection of /Users/Elliot/.rvm/gems/ruby-2.3.0/gems/actionpack-5.0.0.1/lib/action_dispatch/middleware/templates/routes/_route.html.erb [20 times] (22.1ms)
  Rendered /Users/Elliot/.rvm/gems/ruby-2.3.0/gems/actionpack-5.0.0.1/lib/action_dispatch/middleware/templates/routes/_table.html.erb (14.0ms)
  Rendering /Users/Elliot/.rvm/gems/ruby-2.3.0/gems/actionpack-5.0.0.1/lib/action_dispatch/middleware/templates/rescues/_request_and_response.html.erb
  Rendered /Users/Elliot/.rvm/gems/ruby-2.3.0/gems/actionpack-5.0.0.1/lib/action_dispatch/middleware/templates/rescues/_request_and_response.html.erb (1.4ms)
  Rendered /Users/Elliot/.rvm/gems/ruby-2.3.0/gems/actionpack-5.0.0.1/lib/action_dispatch/middleware/templates/rescues/routing_error.html.erb within rescues/layout (127.0ms)
Started GET "/" for ::1 at 2017-01-24 11:43:57 -0800
Processing by RecipesController#index as HTML
  Rendering recipes/index.html.erb within layouts/application
  [1m[36mRecipe Load (0.2ms)[0m  [1m[34mSELECT "recipes".* FROM "recipes"[0m
  Rendered recipes/index.html.erb within layouts/application (1.5ms)
Completed 200 OK in 30ms (Views: 27.5ms | ActiveRecord: 0.2ms)


Started GET "/" for ::1 at 2017-01-24 11:43:57 -0800
Processing by RecipesController#index as HTML
  Rendering recipes/index.html.erb within layouts/application
  [1m[36mRecipe Load (0.2ms)[0m  [1m[34mSELECT "recipes".* FROM "recipes"[0m
  Rendered recipes/index.html.erb within layouts/application (1.4ms)
Completed 200 OK in 55ms (Views: 52.1ms | ActiveRecord: 0.2ms)


Started GET "/recipes" for ::1 at 2017-01-24 11:43:58 -0800
Processing by RecipesController#index as HTML
  Rendering recipes/index.html.erb within layouts/application
  [1m[36mRecipe Load (0.2ms)[0m  [1m[34mSELECT "recipes".* FROM "recipes"[0m
  Rendered recipes/index.html.erb within layouts/application (1.3ms)
Completed 200 OK in 47ms (Views: 45.2ms | ActiveRecord: 0.2ms)


Started GET "/recipes" for ::1 at 2017-01-24 11:44:30 -0800
Processing by RecipesController#index as HTML
  Rendering recipes/index.html.erb within layouts/application
  [1m[36mRecipe Load (0.2ms)[0m  [1m[34mSELECT "recipes".* FROM "recipes"[0m
  Rendered recipes/index.html.erb within layouts/application (1.2ms)
Completed 200 OK in 30ms (Views: 28.2ms | ActiveRecord: 0.2ms)


Started GET "/recipes" for ::1 at 2017-01-24 11:44:31 -0800
Processing by RecipesController#index as HTML
  Rendering recipes/index.html.erb within layouts/application
  [1m[36mRecipe Load (0.2ms)[0m  [1m[34mSELECT "recipes".* FROM "recipes"[0m
  Rendered recipes/index.html.erb within layouts/application (1.3ms)
Completed 200 OK in 63ms (Views: 61.1ms | ActiveRecord: 0.2ms)


Started GET "/recipes" for ::1 at 2017-01-24 11:44:32 -0800
Processing by RecipesController#index as HTML
  Rendering recipes/index.html.erb within layouts/application
  [1m[36mRecipe Load (0.2ms)[0m  [1m[34mSELECT "recipes".* FROM "recipes"[0m
  Rendered recipes/index.html.erb within layouts/application (2.0ms)
Completed 200 OK in 64ms (Views: 60.8ms | ActiveRecord: 0.2ms)


Started GET "/recipes" for ::1 at 2017-01-24 11:44:33 -0800
Processing by RecipesController#index as HTML
  Rendering recipes/index.html.erb within layouts/application
  [1m[36mRecipe Load (0.2ms)[0m  [1m[34mSELECT "recipes".* FROM "recipes"[0m
  Rendered recipes/index.html.erb within layouts/application (1.7ms)
Completed 200 OK in 56ms (Views: 52.6ms | ActiveRecord: 0.2ms)


Started GET "/" for ::1 at 2017-01-24 11:44:39 -0800
Processing by RecipesController#index as HTML
  Rendering recipes/index.html.erb within layouts/application
  [1m[36mRecipe Load (1.1ms)[0m  [1m[34mSELECT "recipes".* FROM "recipes"[0m
  Rendered recipes/index.html.erb within layouts/application (3.7ms)
Completed 200 OK in 88ms (Views: 82.7ms | ActiveRecord: 1.1ms)


Started GET "/recipes" for ::1 at 2017-01-24 11:44:40 -0800
Processing by RecipesController#index as HTML
  Rendering recipes/index.html.erb within layouts/application
  [1m[36mRecipe Load (0.3ms)[0m  [1m[34mSELECT "recipes".* FROM "recipes"[0m
  Rendered recipes/index.html.erb within layouts/application (2.6ms)
Completed 200 OK in 57ms (Views: 53.5ms | ActiveRecord: 0.3ms)


Started GET "/recipes" for ::1 at 2017-01-24 11:46:13 -0800
Processing by RecipesController#index as HTML
  Rendering recipes/index.html.erb within layouts/application
  [1m[36mRecipe Load (0.2ms)[0m  [1m[34mSELECT "recipes".* FROM "recipes"[0m
  Rendered recipes/index.html.erb within layouts/application (1.5ms)
Completed 200 OK in 28ms (Views: 25.5ms | ActiveRecord: 0.2ms)


Started GET "/users" for ::1 at 2017-01-24 11:46:14 -0800
Processing by UsersController#index as HTML
  Rendering users/index.html.erb within layouts/application
  [1m[36mUser Load (0.2ms)[0m  [1m[34mSELECT "users".* FROM "users"[0m
  Rendered users/index.html.erb within layouts/application (1.4ms)
Completed 200 OK in 49ms (Views: 46.3ms | ActiveRecord: 0.2ms)


Started GET "/users" for ::1 at 2017-01-24 11:46:17 -0800
Processing by UsersController#index as HTML
  Rendering users/index.html.erb within layouts/application
  [1m[36mUser Load (0.3ms)[0m  [1m[34mSELECT "users".* FROM "users"[0m
  Rendered users/index.html.erb within layouts/application (2.2ms)
Completed 200 OK in 67ms (Views: 64.5ms | ActiveRecord: 0.3ms)


Started GET "/users" for ::1 at 2017-01-24 11:46:19 -0800
Processing by UsersController#index as HTML
  Rendering users/index.html.erb within layouts/application
  [1m[36mUser Load (0.2ms)[0m  [1m[34mSELECT "users".* FROM "users"[0m
  Rendered users/index.html.erb within layouts/application (2.0ms)
Completed 200 OK in 67ms (Views: 64.0ms | ActiveRecord: 0.2ms)


Started GET "/users" for ::1 at 2017-01-24 11:46:21 -0800
Processing by UsersController#index as HTML
  Rendering users/index.html.erb within layouts/application
  [1m[36mUser Load (0.3ms)[0m  [1m[34mSELECT "users".* FROM "users"[0m
  Rendered users/index.html.erb within layouts/application (1.9ms)
Completed 200 OK in 59ms (Views: 56.1ms | ActiveRecord: 0.3ms)


Started GET "/users" for ::1 at 2017-01-24 11:46:27 -0800
Processing by UsersController#index as HTML
  Rendering users/index.html.erb within layouts/application
  [1m[36mUser Load (0.1ms)[0m  [1m[34mSELECT "users".* FROM "users"[0m
  Rendered users/index.html.erb within layouts/application (1.2ms)
Completed 200 OK in 29ms (Views: 26.8ms | ActiveRecord: 0.1ms)


Started GET "/users" for ::1 at 2017-01-24 11:46:28 -0800
Processing by UsersController#index as HTML
  Rendering users/index.html.erb within layouts/application
  [1m[36mUser Load (0.2ms)[0m  [1m[34mSELECT "users".* FROM "users"[0m
  Rendered users/index.html.erb within layouts/application (2.1ms)
Completed 200 OK in 45ms (Views: 43.3ms | ActiveRecord: 0.2ms)


Started GET "/users" for ::1 at 2017-01-24 11:46:28 -0800
Processing by UsersController#index as HTML
  Rendering users/index.html.erb within layouts/application
  [1m[36mUser Load (0.3ms)[0m  [1m[34mSELECT "users".* FROM "users"[0m
  Rendered users/index.html.erb within layouts/application (2.0ms)
Completed 200 OK in 102ms (Views: 98.3ms | ActiveRecord: 0.3ms)


Started GET "/users" for ::1 at 2017-01-24 11:46:29 -0800
Processing by UsersController#index as HTML
  Rendering users/index.html.erb within layouts/application
  [1m[36mUser Load (0.2ms)[0m  [1m[34mSELECT "users".* FROM "users"[0m
  Rendered users/index.html.erb within layouts/application (3.5ms)
Completed 200 OK in 68ms (Views: 64.7ms | ActiveRecord: 0.2ms)


Started GET "/recipes" for ::1 at 2017-01-24 11:46:29 -0800
Processing by RecipesController#index as HTML
  Rendering recipes/index.html.erb within layouts/application
  [1m[36mRecipe Load (0.2ms)[0m  [1m[34mSELECT "recipes".* FROM "recipes"[0m
  Rendered recipes/index.html.erb within layouts/application (2.8ms)
Completed 200 OK in 63ms (Views: 60.6ms | ActiveRecord: 0.2ms)


Started GET "/users" for ::1 at 2017-01-24 11:46:30 -0800
Processing by UsersController#index as HTML
  Rendering users/index.html.erb within layouts/application
  [1m[36mUser Load (0.2ms)[0m  [1m[34mSELECT "users".* FROM "users"[0m
  Rendered users/index.html.erb within layouts/application (1.8ms)
Completed 200 OK in 76ms (Views: 72.7ms | ActiveRecord: 0.2ms)


Started GET "/" for ::1 at 2017-01-24 11:46:31 -0800
Processing by RecipesController#index as HTML
  Rendering recipes/index.html.erb within layouts/application
  [1m[36mRecipe Load (0.2ms)[0m  [1m[34mSELECT "recipes".* FROM "recipes"[0m
  Rendered recipes/index.html.erb within layouts/application (1.3ms)
Completed 200 OK in 52ms (Views: 49.5ms | ActiveRecord: 0.2ms)


Started GET "/" for ::1 at 2017-01-24 11:50:39 -0800
  [1m[36mActiveRecord::SchemaMigration Load (0.3ms)[0m  [1m[34mSELECT "schema_migrations".* FROM "schema_migrations"[0m
DEPRECATION WARNING: before_filter is deprecated and will be removed in Rails 5.1. Use before_action instead. (called from <class:RecipesController> at /Users/Elliot/wdi/rails_views_helpers_training/app/controllers/recipes_controller.rb:2)
DEPRECATION WARNING: before_filter is deprecated and will be removed in Rails 5.1. Use before_action instead. (called from <class:RecipesController> at /Users/Elliot/wdi/rails_views_helpers_training/app/controllers/recipes_controller.rb:3)
Processing by RecipesController#index as HTML
  Rendering recipes/index.html.erb within layouts/application
  [1m[36mRecipe Load (0.3ms)[0m  [1m[34mSELECT "recipes".* FROM "recipes"[0m
  Rendered recipes/index.html.erb within layouts/application (9.2ms)
Completed 200 OK in 377ms (Views: 356.0ms | ActiveRecord: 0.9ms)


Started GET "/recipes/new" for ::1 at 2017-01-24 11:50:45 -0800
Processing by RecipesController#new as HTML
Redirected to http://localhost:3000/login
Filter chain halted as :authorize rendered or redirected
Completed 302 Found in 37ms (ActiveRecord: 0.0ms)


Started GET "/login" for ::1 at 2017-01-24 11:50:45 -0800
Processing by SessionsController#new as HTML
  Rendering sessions/new.html.erb within layouts/application
  Rendered sessions/new.html.erb within layouts/application (1.0ms)
Completed 200 OK in 42ms (Views: 38.3ms | ActiveRecord: 0.0ms)


Started GET "/" for ::1 at 2017-01-24 11:51:15 -0800
Processing by RecipesController#index as HTML
  Rendering recipes/index.html.erb within layouts/application
  [1m[36mRecipe Load (0.2ms)[0m  [1m[34mSELECT "recipes".* FROM "recipes"[0m
  Rendered recipes/index.html.erb within layouts/application (1.3ms)
Completed 200 OK in 32ms (Views: 28.6ms | ActiveRecord: 0.2ms)


Started GET "/" for ::1 at 2017-01-24 11:51:16 -0800
Processing by RecipesController#index as HTML
  Rendering recipes/index.html.erb within layouts/application
  [1m[36mRecipe Load (0.1ms)[0m  [1m[34mSELECT "recipes".* FROM "recipes"[0m
  Rendered recipes/index.html.erb within layouts/application (1.6ms)
Completed 200 OK in 66ms (Views: 63.7ms | ActiveRecord: 0.1ms)


Started GET "/recipes" for ::1 at 2017-01-24 11:51:18 -0800
Processing by RecipesController#index as HTML
  Rendering recipes/index.html.erb within layouts/application
  [1m[36mRecipe Load (0.2ms)[0m  [1m[34mSELECT "recipes".* FROM "recipes"[0m
  Rendered recipes/index.html.erb within layouts/application (5.7ms)
Completed 200 OK in 80ms (Views: 78.3ms | ActiveRecord: 0.2ms)


Started GET "/users" for ::1 at 2017-01-24 11:51:19 -0800
DEPRECATION WARNING: before_filter is deprecated and will be removed in Rails 5.1. Use before_action instead. (called from <class:UsersController> at /Users/Elliot/wdi/rails_views_helpers_training/app/controllers/users_controller.rb:2)
DEPRECATION WARNING: before_filter is deprecated and will be removed in Rails 5.1. Use before_action instead. (called from <class:UsersController> at /Users/Elliot/wdi/rails_views_helpers_training/app/controllers/users_controller.rb:3)
Processing by UsersController#index as HTML
  Rendering users/index.html.erb within layouts/application
  [1m[36mUser Load (0.3ms)[0m  [1m[34mSELECT "users".* FROM "users"[0m
  Rendered users/index.html.erb within layouts/application (15.2ms)
Completed 200 OK in 81ms (Views: 59.8ms | ActiveRecord: 0.8ms)


Started GET "/" for ::1 at 2017-01-24 11:51:20 -0800
Processing by RecipesController#index as HTML
  Rendering recipes/index.html.erb within layouts/application
  [1m[36mRecipe Load (0.3ms)[0m  [1m[34mSELECT "recipes".* FROM "recipes"[0m
  Rendered recipes/index.html.erb within layouts/application (2.2ms)
Completed 200 OK in 71ms (Views: 67.5ms | ActiveRecord: 0.3ms)


Started GET "/signup" for ::1 at 2017-01-24 11:51:29 -0800
Processing by UsersController#new as HTML
  Rendering users/new.html.erb within layouts/application
  Rendered users/new.html.erb within layouts/application (1.0ms)
Completed 200 OK in 52ms (Views: 48.7ms | ActiveRecord: 0.0ms)


Started GET "/signup" for ::1 at 2017-01-24 11:52:36 -0800
Processing by UsersController#new as HTML
  Rendering users/new.html.erb within layouts/application
  Rendered users/new.html.erb within layouts/application (1.1ms)
Completed 200 OK in 55ms (Views: 50.2ms | ActiveRecord: 0.0ms)


Started GET "/signup" for ::1 at 2017-01-24 11:52:37 -0800
Processing by UsersController#new as HTML
  Rendering users/new.html.erb within layouts/application
  Rendered users/new.html.erb within layouts/application (0.6ms)
Completed 200 OK in 34ms (Views: 30.8ms | ActiveRecord: 0.0ms)


Started GET "/login" for ::1 at 2017-01-24 11:52:39 -0800
Processing by SessionsController#new as HTML
  Rendering sessions/new.html.erb within layouts/application
  Rendered sessions/new.html.erb within layouts/application (0.6ms)
Completed 200 OK in 43ms (Views: 41.3ms | ActiveRecord: 0.0ms)


Started GET "/login" for ::1 at 2017-01-24 11:53:37 -0800
Processing by SessionsController#new as HTML
  Rendering sessions/new.html.erb within layouts/application
  Rendered sessions/new.html.erb within layouts/application (0.6ms)
Completed 200 OK in 42ms (Views: 39.0ms | ActiveRecord: 0.0ms)


Started GET "/login" for ::1 at 2017-01-24 11:53:38 -0800
Processing by SessionsController#new as HTML
  Rendering sessions/new.html.erb within layouts/application
  Rendered sessions/new.html.erb within layouts/application (0.6ms)
Completed 200 OK in 29ms (Views: 26.6ms | ActiveRecord: 0.0ms)


Started GET "/login" for ::1 at 2017-01-24 11:53:39 -0800
Processing by SessionsController#new as HTML
  Rendering sessions/new.html.erb within layouts/application
  Rendered sessions/new.html.erb within layouts/application (0.6ms)
Completed 200 OK in 55ms (Views: 52.8ms | ActiveRecord: 0.0ms)


Started GET "/" for ::1 at 2017-01-24 11:53:41 -0800
Processing by RecipesController#index as HTML
  Rendering recipes/index.html.erb within layouts/application
  [1m[36mRecipe Load (0.2ms)[0m  [1m[34mSELECT "recipes".* FROM "recipes"[0m
  Rendered recipes/index.html.erb within layouts/application (1.7ms)
Completed 200 OK in 81ms (Views: 74.0ms | ActiveRecord: 0.2ms)


Started GET "/login" for ::1 at 2017-01-24 11:53:42 -0800
Processing by SessionsController#new as HTML
  Rendering sessions/new.html.erb within layouts/application
  Rendered sessions/new.html.erb within layouts/application (0.8ms)
Completed 200 OK in 81ms (Views: 78.2ms | ActiveRecord: 0.0ms)


Started GET "/recipes" for ::1 at 2017-01-24 11:53:43 -0800
Processing by RecipesController#index as HTML
  Rendering recipes/index.html.erb within layouts/application
  [1m[36mRecipe Load (0.2ms)[0m  [1m[34mSELECT "recipes".* FROM "recipes"[0m
  Rendered recipes/index.html.erb within layouts/application (1.4ms)
Completed 200 OK in 55ms (Views: 52.3ms | ActiveRecord: 0.2ms)


Started GET "/signup" for ::1 at 2017-01-24 11:53:56 -0800
Processing by UsersController#new as HTML
  Rendering users/new.html.erb within layouts/application
  Rendered users/new.html.erb within layouts/application (0.7ms)
Completed 200 OK in 44ms (Views: 42.1ms | ActiveRecord: 0.0ms)


Started GET "/" for ::1 at 2017-01-24 11:54:21 -0800
Processing by RecipesController#index as HTML
  Rendering recipes/index.html.erb within layouts/application
  [1m[36mRecipe Load (0.2ms)[0m  [1m[34mSELECT "recipes".* FROM "recipes"[0m
  Rendered recipes/index.html.erb within layouts/application (1.7ms)
Completed 200 OK in 66ms (Views: 62.8ms | ActiveRecord: 0.2ms)


Started GET "/" for ::1 at 2017-01-24 11:54:22 -0800
Processing by RecipesController#index as HTML
  Rendering recipes/index.html.erb within layouts/application
  [1m[36mRecipe Load (0.2ms)[0m  [1m[34mSELECT "recipes".* FROM "recipes"[0m
  Rendered recipes/index.html.erb within layouts/application (1.3ms)
Completed 200 OK in 38ms (Views: 35.9ms | ActiveRecord: 0.1ms)


Started GET "/signup" for ::1 at 2017-01-24 11:54:25 -0800
Processing by UsersController#new as HTML
  Rendering users/new.html.erb within layouts/application
  Rendered users/new.html.erb within layouts/application (0.6ms)
Completed 200 OK in 42ms (Views: 38.6ms | ActiveRecord: 0.0ms)


Started GET "/login" for ::1 at 2017-01-24 11:54:26 -0800
Processing by SessionsController#new as HTML
  Rendering sessions/new.html.erb within layouts/application
  Rendered sessions/new.html.erb within layouts/application (0.7ms)
Completed 200 OK in 52ms (Views: 50.4ms | ActiveRecord: 0.0ms)


Started GET "/signup" for ::1 at 2017-01-24 11:54:27 -0800
Processing by UsersController#new as HTML
  Rendering users/new.html.erb within layouts/application
  Rendered users/new.html.erb within layouts/application (0.9ms)
Completed 200 OK in 64ms (Views: 60.7ms | ActiveRecord: 0.0ms)


Started GET "/signup" for ::1 at 2017-01-24 12:00:40 -0800
Processing by UsersController#new as HTML
  Rendering users/new.html.erb within layouts/application
  Rendered users/new.html.erb within layouts/application (1.2ms)
Completed 200 OK in 88ms (Views: 84.8ms | ActiveRecord: 0.0ms)


Started GET "/signup" for ::1 at 2017-01-24 12:09:05 -0800
Processing by UsersController#new as HTML
  Rendering users/new.html.erb within layouts/application
  Rendered users/new.html.erb within layouts/application (0.6ms)
Completed 200 OK in 52ms (Views: 48.0ms | ActiveRecord: 0.0ms)


Started GET "/signup" for ::1 at 2017-01-24 12:09:06 -0800
Processing by UsersController#new as HTML
  Rendering users/new.html.erb within layouts/application
  Rendered users/new.html.erb within layouts/application (0.8ms)
Completed 200 OK in 42ms (Views: 39.4ms | ActiveRecord: 0.0ms)


Started GET "/" for ::1 at 2017-01-24 12:09:09 -0800
Processing by RecipesController#index as HTML
  Rendering recipes/index.html.erb within layouts/application
  [1m[36mRecipe Load (0.3ms)[0m  [1m[34mSELECT "recipes".* FROM "recipes"[0m
  Rendered recipes/index.html.erb within layouts/application (1.7ms)
Completed 200 OK in 75ms (Views: 65.1ms | ActiveRecord: 0.3ms)


Started GET "/recipes/new" for ::1 at 2017-01-24 12:09:11 -0800
Processing by RecipesController#new as HTML
Redirected to http://localhost:3000/login
Filter chain halted as :authorize rendered or redirected
Completed 302 Found in 1ms (ActiveRecord: 0.0ms)


Started GET "/login" for ::1 at 2017-01-24 12:09:11 -0800
Processing by SessionsController#new as HTML
  Rendering sessions/new.html.erb within layouts/application
  Rendered sessions/new.html.erb within layouts/application (0.6ms)
Completed 200 OK in 54ms (Views: 44.1ms | ActiveRecord: 0.0ms)


Started POST "/sessions" for ::1 at 2017-01-24 12:09:25 -0800
Processing by SessionsController#create as HTML
  Parameters: {"authenticity_token"=>"96EqHsrEuHRIQ0N7Kz7/mGDBBwOo/g0H6k4GRRNUu0BYueqj8bdTGvs/+qFHpDb8y1F89sLOi6jrigAIV1qD/A==", "user"=>{"email"=>"test2@example.com", "password"=>"[FILTERED]"}}
  [1m[36mUser Load (0.3ms)[0m  [1m[34mSELECT  "users".* FROM "users" WHERE "users"."email" = ? LIMIT ?[0m  [["email", "test2@example.com"], ["LIMIT", 1]]
Redirected to http://localhost:3000/users/2
Completed 302 Found in 107ms (ActiveRecord: 0.3ms)


Started GET "/users/2" for ::1 at 2017-01-24 12:09:25 -0800
Processing by UsersController#show as HTML
  Parameters: {"id"=>"2"}
  [1m[36mUser Load (0.2ms)[0m  [1m[34mSELECT  "users".* FROM "users" WHERE "users"."id" = ? LIMIT ?[0m  [["id", 2], ["LIMIT", 1]]
  Rendering users/show.html.erb within layouts/application
  [1m[36mUser Load (0.2ms)[0m  [1m[34mSELECT  "users".* FROM "users" WHERE "users"."id" = ? LIMIT ?[0m  [["id", 2], ["LIMIT", 1]]
  [1m[36mRecipe Exists (0.2ms)[0m  [1m[34mSELECT  1 AS one FROM "recipes" WHERE "recipes"."user_id" = ? LIMIT ?[0m  [["user_id", 2], ["LIMIT", 1]]
  [1m[36mRecipe Load (0.1ms)[0m  [1m[34mSELECT "recipes".* FROM "recipes" WHERE "recipes"."user_id" = ?[0m  [["user_id", 2]]
  Rendered users/show.html.erb within layouts/application (44.4ms)
Completed 200 OK in 84ms (Views: 72.5ms | ActiveRecord: 0.7ms)


Started GET "/recipes/new" for ::1 at 2017-01-24 12:09:32 -0800
Processing by RecipesController#new as HTML
  [1m[36mUser Load (0.1ms)[0m  [1m[34mSELECT  "users".* FROM "users" WHERE "users"."id" = ? LIMIT ?[0m  [["id", 2], ["LIMIT", 1]]
  Rendering recipes/new.html.erb within layouts/application
  Rendered recipes/new.html.erb within layouts/application (19.7ms)
Completed 200 OK in 66ms (Views: 62.4ms | ActiveRecord: 0.1ms)


Started POST "/recipes" for ::1 at 2017-01-24 12:09:35 -0800
Processing by RecipesController#create as HTML
  Parameters: {"utf8"=>"✓", "authenticity_token"=>"l107Vi7nL6VLASJdWkD8hSoMdNCQlJ27EhfaHcVQ5yo4RfvrFZTEy/h9m4c22jXhgZwPJfqkGxQT09xQgV7flg==", "recipe"=>{"name"=>"test", "instructions"=>"test"}, "commit"=>"Create"}
  [1m[36mUser Load (0.1ms)[0m  [1m[34mSELECT  "users".* FROM "users" WHERE "users"."id" = ? LIMIT ?[0m  [["id", 2], ["LIMIT", 1]]
  [1m[35m (0.1ms)[0m  [1m[36mbegin transaction[0m
  [1m[35m (0.1ms)[0m  [1m[31mrollback transaction[0m
Redirected to http://localhost:3000/recipes/new
Completed 302 Found in 6ms (ActiveRecord: 0.3ms)


Started GET "/recipes/new" for ::1 at 2017-01-24 12:09:35 -0800
Processing by RecipesController#new as HTML
  [1m[36mUser Load (0.1ms)[0m  [1m[34mSELECT  "users".* FROM "users" WHERE "users"."id" = ? LIMIT ?[0m  [["id", 2], ["LIMIT", 1]]
  Rendering recipes/new.html.erb within layouts/application
  Rendered recipes/new.html.erb within layouts/application (1.5ms)
Completed 200 OK in 35ms (Views: 32.6ms | ActiveRecord: 0.1ms)


Started POST "/recipes" for ::1 at 2017-01-24 12:09:40 -0800
Processing by RecipesController#create as HTML
  Parameters: {"utf8"=>"✓", "authenticity_token"=>"wefwksAbCX51yOnXZH/CZcCrMPJ9j0UeYDckBeuqZbJu/zAv+2jiEMa0UA0I5QsBaztLBxe/w7Fh8yJIr6RdDg==", "recipe"=>{"name"=>"asdfasdfasdf", "instructions"=>"asdfasdfasdfkaskjfalskjdfkasdf"}, "commit"=>"Create"}
  [1m[36mUser Load (0.1ms)[0m  [1m[34mSELECT  "users".* FROM "users" WHERE "users"."id" = ? LIMIT ?[0m  [["id", 2], ["LIMIT", 1]]
  [1m[35m (0.2ms)[0m  [1m[36mbegin transaction[0m
  [1m[35mSQL (0.5ms)[0m  [1m[32mINSERT INTO "recipes" ("name", "instructions", "user_id", "created_at", "updated_at") VALUES (?, ?, ?, ?, ?)[0m  [["name", "asdfasdfasdf"], ["instructions", "asdfasdfasdfkaskjfalskjdfkasdf"], ["user_id", 2], ["created_at", 2017-01-24 20:09:40 UTC], ["updated_at", 2017-01-24 20:09:40 UTC]]
  [1m[35m (3.9ms)[0m  [1m[36mcommit transaction[0m
Redirected to http://localhost:3000/recipes/3
Completed 302 Found in 11ms (ActiveRecord: 4.7ms)


Started GET "/recipes/3" for ::1 at 2017-01-24 12:09:40 -0800
Processing by RecipesController#show as HTML
  Parameters: {"id"=>"3"}
  [1m[36mRecipe Load (0.3ms)[0m  [1m[34mSELECT  "recipes".* FROM "recipes" WHERE "recipes"."id" = ? LIMIT ?[0m  [["id", 3], ["LIMIT", 1]]
  Rendering recipes/show.html.erb within layouts/application
  [1m[36mUser Load (0.1ms)[0m  [1m[34mSELECT  "users".* FROM "users" WHERE "users"."id" = ? LIMIT ?[0m  [["id", 2], ["LIMIT", 1]]
  [1m[36mCACHE (0.0ms)[0m  [1m[34mSELECT  "users".* FROM "users" WHERE "users"."id" = ? LIMIT ?[0m  [["id", 2], ["LIMIT", 1]]
  Rendered recipes/show.html.erb within layouts/application (4.1ms)
Completed 200 OK in 41ms (Views: 35.5ms | ActiveRecord: 0.4ms)


Started GET "/recipes/new" for ::1 at 2017-01-24 12:12:05 -0800
Processing by RecipesController#new as HTML
  [1m[36mUser Load (0.2ms)[0m  [1m[34mSELECT  "users".* FROM "users" WHERE "users"."id" = ? LIMIT ?[0m  [["id", 2], ["LIMIT", 1]]
  Rendering recipes/new.html.erb within layouts/application
  Rendered recipes/new.html.erb within layouts/application (2.0ms)
Completed 200 OK in 51ms (Views: 46.8ms | ActiveRecord: 0.2ms)


